{"/Users/ivanstelmakh/Documents/Courses/navigation/src/store/theme/themeSlice.ts": {"path":"/Users/ivanstelmakh/Documents/Courses/navigation/src/store/theme/themeSlice.ts","statementMap":{"0":{"start":{"line":11,"column":33},"end":{"line":13,"column":1}},"1":{"start":{"line":15,"column":16},"end":{"line":23,"column":2}},"2":{"start":{"line":20,"column":6},"end":{"line":20,"column":62}},"3":{"start":{"line":25,"column":31},"end":{"line":25,"column":46}},"4":{"start":{"line":27,"column":27},"end":{"line":27,"column":63}},"5":{"start":{"line":27,"column":49},"end":{"line":27,"column":63}}},"fnMap":{"0":{"name":"(anonymous_0)","decl":{"start":{"line":19,"column":17},"end":{"line":19,"column":18}},"loc":{"start":{"line":19,"column":28},"end":{"line":21,"column":5}},"line":19},"1":{"name":"(anonymous_1)","decl":{"start":{"line":27,"column":27},"end":{"line":27,"column":28}},"loc":{"start":{"line":27,"column":49},"end":{"line":27,"column":63}},"line":27}},"branchMap":{"0":{"loc":{"start":{"line":20,"column":20},"end":{"line":20,"column":61}},"type":"cond-expr","locations":[{"start":{"line":20,"column":45},"end":{"line":20,"column":52}},{"start":{"line":20,"column":55},"end":{"line":20,"column":61}}],"line":20}},"s":{"0":1,"1":1,"2":1,"3":1,"4":1,"5":1},"f":{"0":1,"1":1},"b":{"0":[0,1]},"_coverageSchema":"1a1c01bbd47fc00a2c39e90264f33305004495a9","hash":"69a498e349c51425d7e275a42c4e36e1e8b12324"}
}
